Determining if the pthread_create exist failed with the following output:
Change Dir: /home/akash/unity_controls/build/CMakeFiles/CMakeTmp

Run Build Command:"/usr/bin/make" "cmTC_75ad1/fast"
/usr/bin/make -f CMakeFiles/cmTC_75ad1.dir/build.make CMakeFiles/cmTC_75ad1.dir/build
make[1]: Entering directory '/home/akash/unity_controls/build/CMakeFiles/CMakeTmp'
Building C object CMakeFiles/cmTC_75ad1.dir/CheckSymbolExists.c.o
/usr/bin/cc    -o CMakeFiles/cmTC_75ad1.dir/CheckSymbolExists.c.o   -c /home/akash/unity_controls/build/CMakeFiles/CMakeTmp/CheckSymbolExists.c
Linking C executable cmTC_75ad1
/usr/bin/cmake -E cmake_link_script CMakeFiles/cmTC_75ad1.dir/link.txt --verbose=1
/usr/bin/cc      -rdynamic CMakeFiles/cmTC_75ad1.dir/CheckSymbolExists.c.o  -o cmTC_75ad1 
CMakeFiles/cmTC_75ad1.dir/CheckSymbolExists.c.o: In function `main':
CheckSymbolExists.c:(.text+0x1b): undefined reference to `pthread_create'
collect2: error: ld returned 1 exit status
CMakeFiles/cmTC_75ad1.dir/build.make:97: recipe for target 'cmTC_75ad1' failed
make[1]: *** [cmTC_75ad1] Error 1
make[1]: Leaving directory '/home/akash/unity_controls/build/CMakeFiles/CMakeTmp'
Makefile:126: recipe for target 'cmTC_75ad1/fast' failed
make: *** [cmTC_75ad1/fast] Error 2

File /home/akash/unity_controls/build/CMakeFiles/CMakeTmp/CheckSymbolExists.c:
/* */
#include <pthread.h>

int main(int argc, char** argv)
{
  (void)argv;
#ifndef pthread_create
  return ((int*)(&pthread_create))[argc];
#else
  (void)argc;
  return 0;
#endif
}

Determining if the function pthread_create exists in the pthreads failed with the following output:
Change Dir: /home/akash/unity_controls/build/CMakeFiles/CMakeTmp

Run Build Command:"/usr/bin/make" "cmTC_345aa/fast"
/usr/bin/make -f CMakeFiles/cmTC_345aa.dir/build.make CMakeFiles/cmTC_345aa.dir/build
make[1]: Entering directory '/home/akash/unity_controls/build/CMakeFiles/CMakeTmp'
Building C object CMakeFiles/cmTC_345aa.dir/CheckFunctionExists.c.o
/usr/bin/cc   -DCHECK_FUNCTION_EXISTS=pthread_create   -o CMakeFiles/cmTC_345aa.dir/CheckFunctionExists.c.o   -c /usr/share/cmake-3.10/Modules/CheckFunctionExists.c
Linking C executable cmTC_345aa
/usr/bin/cmake -E cmake_link_script CMakeFiles/cmTC_345aa.dir/link.txt --verbose=1
/usr/bin/cc  -DCHECK_FUNCTION_EXISTS=pthread_create    -rdynamic CMakeFiles/cmTC_345aa.dir/CheckFunctionExists.c.o  -o cmTC_345aa -lpthreads 
/usr/bin/ld: cannot find -lpthreads
collect2: error: ld returned 1 exit status
CMakeFiles/cmTC_345aa.dir/build.make:97: recipe for target 'cmTC_345aa' failed
make[1]: *** [cmTC_345aa] Error 1
make[1]: Leaving directory '/home/akash/unity_controls/build/CMakeFiles/CMakeTmp'
Makefile:126: recipe for target 'cmTC_345aa/fast' failed
make: *** [cmTC_345aa/fast] Error 2


